This file contains any messages produced by compilers while
running configure, to aid debugging if configure makes a mistake.

It was created by tcl configure 8.6, which was
generated by GNU Autoconf 2.59.  Invocation command line was

  $ ./configure --prefix=/home/scott/skw-tests/NAMD_2.12_Source/tcl-src/unix/../../tcl --enable-threads --enable-symbols --enable-type-prefix --enable-float

## --------- ##
## Platform. ##
## --------- ##

hostname = les.cs.rice.edu
uname -m = x86_64
uname -r = 3.10.0-229.el7.x86_64
uname -s = Linux
uname -v = #1 SMP Fri Mar 6 11:36:42 UTC 2015

/usr/bin/uname -p = x86_64
/bin/uname -X     = unknown

/bin/arch              = x86_64
/usr/bin/arch -k       = unknown
/usr/convex/getsysinfo = unknown
hostinfo               = unknown
/bin/machine           = unknown
/usr/bin/oslevel       = unknown
/bin/universe          = unknown

PATH: /projects/pkgs/autotools/bin
PATH: /projects/pkgs/jdk/bin
PATH: /usr/lib64/qt-3.3/bin
PATH: /home/scott/perl5/bin
PATH: /usr/local/bin
PATH: /usr/bin
PATH: /usr/local/sbin
PATH: /usr/sbin


## ----------- ##
## Core tests. ##
## ----------- ##

configure:1385: checking whether to use symlinks for manpages
configure:1394: result: no

## ---------------- ##
## Cache variables. ##
## ---------------- ##

ac_cv_env_CC_set=
ac_cv_env_CC_value=
ac_cv_env_CFLAGS_set=
ac_cv_env_CFLAGS_value=
ac_cv_env_CPPFLAGS_set=
ac_cv_env_CPPFLAGS_value=
ac_cv_env_CPP_set=
ac_cv_env_CPP_value=
ac_cv_env_LDFLAGS_set=
ac_cv_env_LDFLAGS_value=
ac_cv_env_build_alias_set=
ac_cv_env_build_alias_value=
ac_cv_env_host_alias_set=
ac_cv_env_host_alias_value=
ac_cv_env_target_alias_set=
ac_cv_env_target_alias_value=

## ----------------- ##
## Output variables. ##
## ----------------- ##

AR=''
BUILD_DLTEST=''
CC=''
CC_SEARCH_FLAGS=''
CFG_TCL_SHARED_LIB_SUFFIX=''
CFG_TCL_UNSHARED_LIB_SUFFIX=''
CFLAGS=''
CFLAGS_DEBUG=''
CFLAGS_DEFAULT=''
CFLAGS_OPTIMIZE=''
CFLAGS_WARNING=''
CPP=''
CPPFLAGS=''
DEFS=''
DLL_INSTALL_DIR=''
DLTEST_LD=''
DLTEST_SUFFIX=''
DL_LIBS=''
DL_OBJS=''
DTRACE=''
DTRACE_HDR=''
DTRACE_OBJ=''
DTRACE_SRC=''
ECHO_C=''
ECHO_N='-n'
ECHO_T=''
EGREP=''
EXEEXT=''
EXTRA_APP_CC_SWITCHES=''
EXTRA_BUILD_HTML='@:'
EXTRA_CC_SWITCHES=''
EXTRA_INSTALL=''
EXTRA_INSTALL_BINARIES='@:'
EXTRA_TCLSH_LIBS=''
HTML_DIR=''
INSTALL_LIB=''
INSTALL_STUB_LIB=''
INSTALL_TZDATA=''
LDAIX_SRC=''
LDFLAGS=''
LDFLAGS_DEBUG=''
LDFLAGS_DEFAULT=''
LDFLAGS_OPTIMIZE=''
LD_LIBRARY_PATH_VAR=''
LD_SEARCH_FLAGS=''
LIBOBJS=''
LIBS=''
MAKEFILE_SHELL=''
MAKE_LIB=''
MAKE_STUB_LIB=''
MAN_FLAGS=''
OBJEXT=''
PACKAGE_BUGREPORT=''
PACKAGE_DIR=''
PACKAGE_NAME='tcl'
PACKAGE_STRING='tcl 8.6'
PACKAGE_TARNAME='tcl'
PACKAGE_VERSION='8.6'
PATH_SEPARATOR=':'
PKG_CFG_ARGS=''--prefix=/home/scott/skw-tests/NAMD_2.12_Source/tcl-src/unix/../../tcl' '--enable-threads' '--enable-symbols' '--enable-type-prefix' '--enable-float' '
PLAT_OBJS=''
PLAT_SRCS=''
PRIVATE_INCLUDE_DIR=''
RANLIB=''
SHELL='/bin/sh'
SHLIB_CFLAGS=''
SHLIB_LD=''
SHLIB_LD_LIBS=''
SHLIB_SUFFIX=''
STLIB_LD=''
TCLSH_PROG=''
TCL_BUILD_LIB_SPEC=''
TCL_BUILD_STUB_LIB_PATH=''
TCL_BUILD_STUB_LIB_SPEC=''
TCL_HAS_LONGLONG=''
TCL_INCLUDE_SPEC=''
TCL_LIBRARY=''
TCL_LIBS=''
TCL_LIB_FILE=''
TCL_LIB_FLAG=''
TCL_LIB_SPEC=''
TCL_LIB_VERSIONS_OK=''
TCL_MAJOR_VERSION='8'
TCL_MINOR_VERSION='6'
TCL_MODULE_PATH=''
TCL_PACKAGE_PATH=''
TCL_PATCH_LEVEL='.6'
TCL_SHARED_BUILD=''
TCL_SHARED_LIB_SUFFIX=''
TCL_SHLIB_LD_EXTRAS=''
TCL_SRC_DIR='/home/scott/skw-tests/NAMD_2.12_Source/tcl-src'
TCL_STUB_LIB_FILE=''
TCL_STUB_LIB_FLAG=''
TCL_STUB_LIB_PATH=''
TCL_STUB_LIB_SPEC=''
TCL_THREADS=''
TCL_UNSHARED_LIB_SUFFIX=''
TCL_VERSION='8.6'
TCL_YEAR=''
TK_SHLIB_LD_EXTRAS=''
ZLIB_INCLUDE=''
ZLIB_OBJS=''
ZLIB_SRCS=''
ac_ct_AR=''
ac_ct_CC=''
ac_ct_RANLIB=''
bindir='${exec_prefix}/bin'
build_alias=''
datadir='${prefix}/share'
exec_prefix='/home/scott/skw-tests/NAMD_2.12_Source/tcl-src/unix/../../tcl'
host_alias=''
includedir='${prefix}/include'
infodir='${prefix}/info'
libdir='${exec_prefix}/lib'
libexecdir='${exec_prefix}/libexec'
localstatedir='${prefix}/var'
mandir='${prefix}/man'
oldincludedir='/usr/include'
prefix='/home/scott/skw-tests/NAMD_2.12_Source/tcl-src/unix/../../tcl'
program_transform_name='s,x,x,'
sbindir='${exec_prefix}/sbin'
sharedstatedir='${prefix}/com'
sysconfdir='${prefix}/etc'
target_alias=''

## ----------- ##
## confdefs.h. ##
## ----------- ##

#define PACKAGE_BUGREPORT ""
#define PACKAGE_NAME "tcl"
#define PACKAGE_STRING "tcl 8.6"
#define PACKAGE_TARNAME "tcl"
#define PACKAGE_VERSION "8.6"

configure: caught signal 13
configure: exit 1
